\BOOKMARK [0][-]{chapter.1}{\376\377\127\372\170\100\151\202\137\365}{}% 1
\BOOKMARK [1][-]{section.1.1}{\376\377\147\057\213\355}{chapter.1}% 2
\BOOKMARK [1][-]{section.1.2}{\376\377\145\131\172\013\226\306\124\010\127\060\127\100}{chapter.1}% 3
\BOOKMARK [0][-]{chapter.2}{\376\377\145\160\143\156\136\223\127\372\147\054\144\315\117\134}{}% 4
\BOOKMARK [1][-]{section.2.1}{\376\377\000S\000Q\000L\000\040\122\006\174\173}{chapter.2}% 5
\BOOKMARK [1][-]{section.2.2}{\376\377\136\070\165\050\124\175\116\344}{chapter.2}% 6
\BOOKMARK [0][-]{chapter.3}{\376\377\147\345\213\342}{}% 7
\BOOKMARK [1][-]{section.3.1}{\376\377\127\372\147\054\147\345\213\342\213\355\123\345}{chapter.3}% 8
\BOOKMARK [2][-]{subsection.3.1.1}{\376\377\147\141\116\366\147\345\213\342}{section.3.1}% 9
\BOOKMARK [2][-]{subsection.3.1.2}{\376\377\143\222\136\217}{section.3.1}% 10
\BOOKMARK [2][-]{subsection.3.1.3}{\376\377\145\160\143\156\131\004\164\006\121\375\145\160\377\010\123\125\210\114\377\011}{section.3.1}% 11
\BOOKMARK [2][-]{subsection.3.1.4}{\376\377\122\006\176\304\121\375\145\160\060\001\200\132\124\010\121\375\145\160\377\010\131\032\210\114\377\011}{section.3.1}% 12
\BOOKMARK [1][-]{section.3.2}{\376\377\122\006\176\304\147\345\213\342}{chapter.3}% 13
\BOOKMARK [2][-]{subsection.3.2.1}{\376\377\147\345\213\342\213\355\123\345\140\073\176\323}{section.3.2}% 14
\BOOKMARK [1][-]{section.3.3}{\376\377\217\336\143\245\147\345\213\342}{chapter.3}% 15
\BOOKMARK [2][-]{subsection.3.3.1}{\376\377\121\205\217\336\143\245}{section.3.3}% 16
\BOOKMARK [2][-]{subsection.3.3.2}{\376\377\131\026\217\336\143\245}{section.3.3}% 17
\BOOKMARK [1][-]{section.3.4}{\376\377\133\120\147\345\213\342}{chapter.3}% 18
\BOOKMARK [1][-]{section.3.5}{\376\377\000u\000n\000i\000o\000n}{chapter.3}% 19
\BOOKMARK [1][-]{section.3.6}{\376\377\000l\000i\000m\000i\000t}{chapter.3}% 20
\BOOKMARK [1][-]{section.3.7}{\376\377\142\147\210\114\230\172\136\217}{chapter.3}% 21
\BOOKMARK [0][-]{chapter.4}{\376\377\130\236\060\001\122\040\060\001\145\071}{}% 22
\BOOKMARK [1][-]{section.4.1}{\376\377\210\150\060\001\000\050\000w\000i\000t\000h\176\246\147\137\000\051}{chapter.4}% 23
\BOOKMARK [2][-]{subsection.4.1.1}{\376\377\000c\000r\000e\000a\000t\000e\000\040\000t\000a\000b\000l\000e\000\040\000t\000a\000b\000l\000e\000N\000a\000m\000e\000\050\000c\000o\000l\000u\000m\000N\000a\000m\000e\000\040\000t\000y\000p\000e\000\050\000l\000e\000n\000g\000t\000h\000\051\000\040\000[\000c\000o\000n\000s\000t\000r\000a\000i\000n\000t\000s\000]\000\051\000;}{section.4.1}% 24
\BOOKMARK [2][-]{subsection.4.1.2}{\376\377\145\160\143\156\174\173\127\213}{section.4.1}% 25
\BOOKMARK [1][-]{section.4.2}{\376\377\210\150\176\323\147\204}{chapter.4}% 26
\BOOKMARK [2][-]{subsection.4.2.1}{\376\377\000a\000l\000t\000e\000r\000\040\000t\000a\000b\000l\000e\000\040\000t\000a\000b\000l\000e\000N\000a\000m\000e\000\040\000a\000d\000d\000\040\000n\000e\000w\000C\000o\000l\000u\000m\000e\000N\000a\000m\000e\000\040\000t\000y\000p\000e\000\050\000l\000e\000n\000g\000t\000h\000\051\000;}{section.4.2}% 27
\BOOKMARK [2][-]{subsection.4.2.2}{\376\377\000a\000l\000t\000e\000r\000\040\000t\000a\000b\000l\000e\000\040\000t\000a\000b\000l\000e\000N\000a\000m\000e\000\040\000m\000o\000d\000i\000f\000y\000\040\000c\000o\000l\000u\000m\000n\000\040\000n\000e\000w\000T\000y\000p\000e\000\050\000l\000e\000n\000g\000h\000t\000\051\000;}{section.4.2}% 28
\BOOKMARK [2][-]{subsection.4.2.3}{\376\377\000a\000l\000t\000e\000r\000\040\000t\000a\000b\000l\000e\000\040\000t\000a\000b\000l\000e\000N\000a\000m\000e\000\040\000d\000r\000o\000p\000\040\000c\000o\000l\000u\000m\000n\000;}{section.4.2}% 29
\BOOKMARK [1][-]{section.4.3}{\376\377\145\160\143\156}{chapter.4}% 30
\BOOKMARK [2][-]{subsection.4.3.1}{\376\377\000i\000n\000s\000e\000r\000t\000\040\000i\000n\000t\000o\000\040\000t\000a\000b\000l\000e\000N\000a\000m\000e\000\050\000c\000o\000l\000u\000m\000n\000,\000.\000.\000\051\000\040\000v\000a\000l\000u\000e\000s\000\040\000\050\000v\000a\000l\000u\000e\0001\000,\000.\000.\000.\000\051\000;}{section.4.3}% 31
\BOOKMARK [2][-]{subsection.4.3.2}{\376\377\000u\000p\000d\000a\000t\000e\000\040\000t\000a\000b\000l\000e\000N\000a\000m\000e\000\040\000s\000e\000t\000\040\000c\000o\000l\000u\000m\000n\000N\000a\000m\000e\000=\000n\000e\000w\000V\000a\000l\000u\000e\000,\000.\000.\000.\000\040\000w\000h\000e\000r\000e\000\040\000x\000x\000;}{section.4.3}% 32
\BOOKMARK [2][-]{subsection.4.3.3}{\376\377\000d\000e\000l\000e\000t\000e\000\040\000f\000r\000o\000m\000\040\000t\000a\000b\000l\000e\000N\000a\000m\000e\000\040\000w\000h\000e\000r\000e\000\040\000x\000x\000;}{section.4.3}% 33
\BOOKMARK [1][-]{section.4.4}{\376\377\176\246\147\137}{chapter.4}% 34
\BOOKMARK [2][-]{subsection.4.4.1}{\376\377\227\136\172\172\176\246\147\137\000\040\000n\000o\000t\000\040\000n\000u\000l\000l}{section.4.4}% 35
\BOOKMARK [2][-]{subsection.4.4.2}{\376\377\125\057\116\000\140\047\176\246\147\137\000\040\000u\000n\000i\000q\000u\000e}{section.4.4}% 36
\BOOKMARK [2][-]{subsection.4.4.3}{\376\377\116\073\225\056\176\246\147\137\000\040\000p\000r\000i\000m\000a\000r\000y\000\040\000k\000e\000y}{section.4.4}% 37
\BOOKMARK [2][-]{subsection.4.4.4}{\376\377\131\026\225\056\176\246\147\137\000\040\000f\000o\000r\000e\000i\000g\000n\000\040\000k\000e\000y}{section.4.4}% 38
\BOOKMARK [0][-]{chapter.5}{\376\377\175\042\137\025\000-\221\315\211\201}{}% 39
\BOOKMARK [1][-]{section.5.1}{\376\377\173\200\116\313}{chapter.5}% 40
\BOOKMARK [1][-]{section.5.2}{\376\377\117\030\160\271\060\001\177\072\160\271\124\214\117\177\165\050\123\237\122\031}{chapter.5}% 41
\BOOKMARK [1][-]{section.5.3}{\376\377\175\042\137\025\166\204\122\006\174\173}{chapter.5}% 42
\BOOKMARK [1][-]{section.5.4}{\376\377\122\033\136\372\210\150\155\373\122\240\175\042\137\025}{chapter.5}% 43
\BOOKMARK [1][-]{section.5.5}{\376\377\127\050\135\362\176\317\133\130\127\050\166\204\210\150\116\012\122\033\136\372\175\042\137\025}{chapter.5}% 44
\BOOKMARK [1][-]{section.5.6}{\376\377\122\040\226\144\175\042\137\025}{chapter.5}% 45
\BOOKMARK [1][-]{section.5.7}{\376\377\175\042\137\025\200\314\124\016\166\204\173\227\154\325\123\237\164\006}{chapter.5}% 46
\BOOKMARK [1][-]{section.5.8}{\376\377\175\042\137\025\213\276\213\241\151\202\211\201}{chapter.5}% 47
\BOOKMARK [1][-]{section.5.9}{\376\377\123\302\200\003}{chapter.5}% 48
\BOOKMARK [0][-]{chapter.6}{\376\377\116\213\122\241}{}% 49
\BOOKMARK [0][-]{chapter.7}{\376\377\217\333\226\066\144\315\117\134}{}% 50
\BOOKMARK [1][-]{section.7.1}{\376\377\000b\000i\000n\000l\000o\000g\000\040\145\345\137\327\000-\221\315\211\201}{chapter.7}% 51
\BOOKMARK [2][-]{subsection.7.1.1}{\376\377\000G\000T\000I\000D}{section.7.1}% 52
\BOOKMARK [1][-]{section.7.2}{\376\377\131\007\116\375\000-\221\315\211\201}{chapter.7}% 53
\BOOKMARK [2][-]{subsection.7.2.1}{\376\377\146\156\220\032\145\160\143\156\136\223\131\007\116\375}{section.7.2}% 54
\BOOKMARK [2][-]{subsection.7.2.2}{\376\377\131\007\116\375\122\060\123\213\177\051\145\207\116\366}{section.7.2}% 55
\BOOKMARK [2][-]{subsection.7.2.3}{\376\377\130\236\221\317\131\007\116\375}{section.7.2}% 56
\BOOKMARK [1][-]{section.7.3}{\376\377\000I\000n\000n\000o\000D\000B\133\130\120\250\137\025\144\316}{chapter.7}% 57
\BOOKMARK [1][-]{section.7.4}{\376\377\211\306\126\376}{chapter.7}% 58
\BOOKMARK [1][-]{section.7.5}{\376\377\116\073\116\316\152\041\137\017\000-\000r\000e\000p\000l\000i\000c\000a\000t\000i\000o\000n}{chapter.7}% 59
\BOOKMARK [1][-]{section.7.6}{\376\377\226\306\177\244}{chapter.7}% 60
\BOOKMARK [1][-]{section.7.7}{\376\377\000M\000y\000S\000q\000l\000\040\150\106\147\266\060\001\142\147\210\114\155\101\172\013}{chapter.7}% 61
\BOOKMARK [1][-]{section.7.8}{\376\377\000S\000Q\000L\213\355\123\345\117\030\123\026}{chapter.7}% 62
\BOOKMARK [2][-]{subsection.7.8.1}{\376\377\000e\000x\000p\000l\000a\000i\000n\000\040\213\346\211\343}{section.7.8}% 63
\BOOKMARK [2][-]{subsection.7.8.2}{\376\377\141\142\147\345\213\342\145\345\137\327}{section.7.8}% 64
\BOOKMARK [2][-]{subsection.7.8.3}{\376\377\147\345\213\342\117\030\123\026\000-\155\167\221\317\145\160\143\156}{section.7.8}% 65
\BOOKMARK [2][-]{subsection.7.8.4}{\376\377\176\317\232\214\000T\000i\000p\000s}{section.7.8}% 66
